$ pnpm generate && tsc -p tsconfig.json
$ prisma generate
warn The configuration property `package.json#prisma` is deprecated and will be removed in Prisma 7. Please migrate to a Prisma config file (e.g., `prisma.config.ts`).
For more information, see: https://pris.ly/prisma-config

Environment variables loaded from .env
Prisma schema loaded from prisma/schema.prisma

✔ Generated Prisma Client (v6.16.2) to ./../../node_modules/.pnpm/@prisma+client@6.16.2_prisma@6.16.2_typescript@5.9.3__typescript@5.9.3/node_modules/@prisma/client in 3.17s

Start by importing your Prisma Client (See: https://pris.ly/d/importing-client)

Tip: Want to turn off tips and other hints? https://pris.ly/tip-4-nohints

src/repositories/add-on-price.repository.ts(45,7): error TS2375: Type '{ addOn: { connect: { id: string; }; }; priceList: { connect: { id: string; }; } | undefined; name: string; description: string | undefined; price: string; currency: string; effectiveFrom: Date; effectiveTo: Date | undefined; priority: number; isActive: boolean; }' is not assignable to type '(Without<AddOnPriceCreateInput, AddOnPriceUncheckedCreateInput> & AddOnPriceUncheckedCreateInput) | (Without<...> & AddOnPriceCreateInput)' with 'exactOptionalPropertyTypes: true'. Consider adding 'undefined' to the types of the target's properties.
  Type '{ addOn: { connect: { id: string; }; }; priceList: { connect: { id: string; }; } | undefined; name: string; description: string | undefined; price: string; currency: string; effectiveFrom: Date; effectiveTo: Date | undefined; priority: number; isActive: boolean; }' is not assignable to type 'Without<AddOnPriceUncheckedCreateInput, AddOnPriceCreateInput> & AddOnPriceCreateInput' with 'exactOptionalPropertyTypes: true'. Consider adding 'undefined' to the types of the target's properties.
    Type '{ addOn: { connect: { id: string; }; }; priceList: { connect: { id: string; }; } | undefined; name: string; description: string | undefined; price: string; currency: string; effectiveFrom: Date; effectiveTo: Date | undefined; priority: number; isActive: boolean; }' is not assignable to type 'AddOnPriceCreateInput' with 'exactOptionalPropertyTypes: true'. Consider adding 'undefined' to the types of the target's properties.
      Types of property 'description' are incompatible.
        Type 'string | undefined' is not assignable to type 'string | null'.
          Type 'undefined' is not assignable to type 'string | null'.
src/repositories/add-on.repository.ts(2,1): error TS6133: 'AddOnCategory' is declared but its value is never read.
src/repositories/add-on.repository.ts(45,7): error TS2375: Type '{ name: string; description: string | undefined; category: any; experienceId: string | undefined; isPerPerson: boolean; metadata: any; }' is not assignable to type '(Without<AddOnCreateInput, AddOnUncheckedCreateInput> & AddOnUncheckedCreateInput) | (Without<...> & AddOnCreateInput)' with 'exactOptionalPropertyTypes: true'. Consider adding 'undefined' to the types of the target's properties.
  Type '{ name: string; description: string | undefined; category: any; experienceId: string | undefined; isPerPerson: boolean; metadata: any; }' is not assignable to type 'Without<AddOnUncheckedCreateInput, AddOnCreateInput> & AddOnCreateInput' with 'exactOptionalPropertyTypes: true'. Consider adding 'undefined' to the types of the target's properties.
    Type '{ name: string; description: string | undefined; category: any; experienceId: string | undefined; isPerPerson: boolean; metadata: any; }' is not assignable to type 'AddOnCreateInput' with 'exactOptionalPropertyTypes: true'. Consider adding 'undefined' to the types of the target's properties.
      Types of property 'description' are incompatible.
        Type 'string | undefined' is not assignable to type 'string | null'.
          Type 'undefined' is not assignable to type 'string | null'.
src/repositories/auth-log.repository.ts(16,7): error TS2375: Type '{ userId: string | null | undefined; event: $Enums.AuthEvent; ipAddress: string | null | undefined; userAgent: string | null | undefined; metadata: Prisma.InputJsonValue | undefined; }' is not assignable to type '(Without<AuthLogCreateInput, AuthLogUncheckedCreateInput> & AuthLogUncheckedCreateInput) | (Without<...> & AuthLogCreateInput)' with 'exactOptionalPropertyTypes: true'. Consider adding 'undefined' to the types of the target's properties.
  Type '{ userId: string | null | undefined; event: $Enums.AuthEvent; ipAddress: string | null | undefined; userAgent: string | null | undefined; metadata: Prisma.InputJsonValue | undefined; }' is not assignable to type 'Without<AuthLogUncheckedCreateInput, AuthLogCreateInput> & AuthLogCreateInput' with 'exactOptionalPropertyTypes: true'. Consider adding 'undefined' to the types of the target's properties.
    Type '{ userId: string | null | undefined; event: $Enums.AuthEvent; ipAddress: string | null | undefined; userAgent: string | null | undefined; metadata: Prisma.InputJsonValue | undefined; }' is not assignable to type 'Without<AuthLogUncheckedCreateInput, AuthLogCreateInput>' with 'exactOptionalPropertyTypes: true'. Consider adding 'undefined' to the types of the target's properties.
      Types of property 'userId' are incompatible.
        Type 'string | null | undefined' is not assignable to type 'never'.
          Type 'undefined' is not assignable to type 'never'.
src/repositories/cancellation-policy.repository.ts(2,1): error TS6133: 'CancellationWindow' is declared but its value is never read.
src/repositories/cancellation-policy.repository.ts(13,5): error TS6133: 'hoursBefore' is declared but its value is never read.
src/repositories/cancellation-policy.repository.ts(69,7): error TS2375: Type '{ name: string; description: string | undefined; experienceId: string | undefined; partnerId: string | undefined; corporateId: string | undefined; windowType: any; hoursBefore: number; ... 8 more ...; effectiveTo: Date | undefined; }' is not assignable to type '(Without<CancellationPolicyCreateInput, CancellationPolicyUncheckedCreateInput> & CancellationPolicyUncheckedCreateInput) | (Without<...> & CancellationPolicyCreateInput)' with 'exactOptionalPropertyTypes: true'. Consider adding 'undefined' to the types of the target's properties.
  Type '{ name: string; description: string | undefined; experienceId: string | undefined; partnerId: string | undefined; corporateId: string | undefined; windowType: any; hoursBefore: number; ... 8 more ...; effectiveTo: Date | undefined; }' is not assignable to type 'Without<CancellationPolicyUncheckedCreateInput, CancellationPolicyCreateInput> & CancellationPolicyCreateInput' with 'exactOptionalPropertyTypes: true'. Consider adding 'undefined' to the types of the target's properties.
    Type '{ name: string; description: string | undefined; experienceId: string | undefined; partnerId: string | undefined; corporateId: string | undefined; windowType: any; hoursBefore: number; ... 8 more ...; effectiveTo: Date | undefined; }' is not assignable to type 'CancellationPolicyCreateInput' with 'exactOptionalPropertyTypes: true'. Consider adding 'undefined' to the types of the target's properties.
      Types of property 'description' are incompatible.
        Type 'string | undefined' is not assignable to type 'string | null'.
          Type 'undefined' is not assignable to type 'string | null'.
src/repositories/commercial-audit-log.repository.ts(2,1): error TS6133: 'CommercialAuditAction' is declared but its value is never read.
src/repositories/commercial-audit-log.repository.ts(45,7): error TS2375: Type '{ userId: string | undefined; action: any; entityType: string; entityId: string; oldValues: any; newValues: any; metadata: any; ipAddress: string | undefined; userAgent: string | undefined; }' is not assignable to type '(Without<CommercialAuditLogCreateInput, CommercialAuditLogUncheckedCreateInput> & CommercialAuditLogUncheckedCreateInput) | (Without<...> & CommercialAuditLogCreateInput)' with 'exactOptionalPropertyTypes: true'. Consider adding 'undefined' to the types of the target's properties.
  Type '{ userId: string | undefined; action: any; entityType: string; entityId: string; oldValues: any; newValues: any; metadata: any; ipAddress: string | undefined; userAgent: string | undefined; }' is not assignable to type 'Without<CommercialAuditLogUncheckedCreateInput, CommercialAuditLogCreateInput> & CommercialAuditLogCreateInput' with 'exactOptionalPropertyTypes: true'. Consider adding 'undefined' to the types of the target's properties.
    Type '{ userId: string | undefined; action: any; entityType: string; entityId: string; oldValues: any; newValues: any; metadata: any; ipAddress: string | undefined; userAgent: string | undefined; }' is not assignable to type 'CommercialAuditLogCreateInput' with 'exactOptionalPropertyTypes: true'. Consider adding 'undefined' to the types of the target's properties.
      Types of property 'userId' are incompatible.
        Type 'string | undefined' is not assignable to type 'string | null'.
          Type 'undefined' is not assignable to type 'string | null'.
src/repositories/commercial-summary.repository.ts(43,5): error TS6133: 'expectedUpdatedAt' is declared but its value is never read.
src/repositories/commission-calculation.repository.ts(38,7): error TS2375: Type '{ commissionRule: { connect: { id: string; }; }; bookingId: string | undefined; partnerId: string | undefined; baseAmount: string; commissionAmount: string; currency: string; status: string; }' is not assignable to type '(Without<CommissionCalculationCreateInput, CommissionCalculationUncheckedCreateInput> & CommissionCalculationUncheckedCreateInput) | (Without<...> & CommissionCalculationCreateInput)' with 'exactOptionalPropertyTypes: true'. Consider adding 'undefined' to the types of the target's properties.
  Type '{ commissionRule: { connect: { id: string; }; }; bookingId: string | undefined; partnerId: string | undefined; baseAmount: string; commissionAmount: string; currency: string; status: string; }' is not assignable to type 'Without<CommissionCalculationUncheckedCreateInput, CommissionCalculationCreateInput> & CommissionCalculationCreateInput' with 'exactOptionalPropertyTypes: true'. Consider adding 'undefined' to the types of the target's properties.
    Type '{ commissionRule: { connect: { id: string; }; }; bookingId: string | undefined; partnerId: string | undefined; baseAmount: string; commissionAmount: string; currency: string; status: string; }' is not assignable to type 'CommissionCalculationCreateInput' with 'exactOptionalPropertyTypes: true'. Consider adding 'undefined' to the types of the target's properties.
      Types of property 'bookingId' are incompatible.
        Type 'string | undefined' is not assignable to type 'string | null'.
          Type 'undefined' is not assignable to type 'string | null'.
src/repositories/commission-rule.repository.ts(2,1): error TS6133: 'CommissionType' is declared but its value is never read.
src/repositories/commission-rule.repository.ts(53,7): error TS2375: Type '{ name: string; description: string | undefined; type: any; rate: string; isPercentage: boolean; fixedAmount: string | undefined; appliesTo: any; effectiveFrom: Date; effectiveTo: Date | undefined; priority: number; isDefault: boolean; }' is not assignable to type '(Without<CommissionRuleCreateInput, CommissionRuleUncheckedCreateInput> & CommissionRuleUncheckedCreateInput) | (Without<...> & CommissionRuleCreateInput)' with 'exactOptionalPropertyTypes: true'. Consider adding 'undefined' to the types of the target's properties.
  Type '{ name: string; description: string | undefined; type: any; rate: string; isPercentage: boolean; fixedAmount: string | undefined; appliesTo: any; effectiveFrom: Date; effectiveTo: Date | undefined; priority: number; isDefault: boolean; }' is not assignable to type 'Without<CommissionRuleUncheckedCreateInput, CommissionRuleCreateInput> & CommissionRuleCreateInput' with 'exactOptionalPropertyTypes: true'. Consider adding 'undefined' to the types of the target's properties.
    Type '{ name: string; description: string | undefined; type: any; rate: string; isPercentage: boolean; fixedAmount: string | undefined; appliesTo: any; effectiveFrom: Date; effectiveTo: Date | undefined; priority: number; isDefault: boolean; }' is not assignable to type 'CommissionRuleCreateInput' with 'exactOptionalPropertyTypes: true'. Consider adding 'undefined' to the types of the target's properties.
      Types of property 'description' are incompatible.
        Type 'string | undefined' is not assignable to type 'string | null'.
          Type 'undefined' is not assignable to type 'string | null'.
src/repositories/commission-settlement.repository.ts(5,3): error TS6133: 'SettlementStatus' is declared but its value is never read.
src/repositories/customer-address.repository.ts(5,3): error TS6196: 'AddressType' is declared but never used.
src/repositories/customer-contact.repository.ts(6,3): error TS6196: 'ContactPurpose' is declared but never used.
src/repositories/customer-interaction.repository.ts(6,3): error TS6196: 'InteractionDirection' is declared but never used.
src/repositories/customer.repository.ts(88,37): error TS2379: Argument of type '{ where: { status: $Enums.CustomerStatus; } | undefined; orderBy: { createdAt: "desc"; }; take: number; skip: number; include: { loyaltyAccount: { include: { tier: true; }; }; }; }' is not assignable to parameter of type '{ select?: CustomerSelect<DefaultArgs> | null; omit?: CustomerOmit<DefaultArgs> | null; include?: CustomerInclude<DefaultArgs> | null; ... 5 more ...; distinct?: CustomerScalarFieldEnum | CustomerScalarFieldEnum[]; }' with 'exactOptionalPropertyTypes: true'. Consider adding 'undefined' to the types of the target's properties.
  Types of property 'where' are incompatible.
    Type '{ status: CustomerStatus; } | undefined' is not assignable to type 'CustomerWhereInput'.
      Type 'undefined' is not assignable to type 'CustomerWhereInput'.
src/repositories/customer.repository.ts(187,34): error TS2379: Argument of type '{ where: { status: $Enums.CustomerStatus; } | undefined; }' is not assignable to parameter of type 'Subset<CustomerCountArgs<DefaultArgs>, CustomerCountArgs<DefaultArgs>>' with 'exactOptionalPropertyTypes: true'. Consider adding 'undefined' to the types of the target's properties.
  Types of property 'where' are incompatible.
    Type '{ status: CustomerStatus; } | undefined' is not assignable to type 'CustomerWhereInput'.
      Type 'undefined' is not assignable to type 'CustomerWhereInput'.
src/repositories/departure.repository.ts(5,3): error TS6133: 'Prisma' is declared but its value is never read.
src/repositories/guest.repository.ts(5,3): error TS6196: 'Booking' is declared but never used.
src/repositories/guest.repository.ts(6,3): error TS6196: 'BookingStatus' is declared but never used.
src/repositories/ledger-entry.repository.ts(4,3): error TS6133: 'LedgerEntryType' is declared but its value is never read.
src/repositories/operations.repository.ts(4,3): error TS6196: 'CrewRole' is declared but never used.
src/repositories/operations.repository.ts(5,3): error TS6196: 'ManifestStatus' is declared but never used.
src/repositories/operations.repository.ts(372,7): error TS2375: Type '{ voyageId: string; eventType: string; userId: string | undefined; notes: string | undefined; metadata: any; }' is not assignable to type '(Without<VoyageTimelineCreateInput, VoyageTimelineUncheckedCreateInput> & VoyageTimelineUncheckedCreateInput) | (Without<...> & VoyageTimelineCreateInput)' with 'exactOptionalPropertyTypes: true'. Consider adding 'undefined' to the types of the target's properties.
  Type '{ voyageId: string; eventType: string; userId: string | undefined; notes: string | undefined; metadata: any; }' is not assignable to type 'Without<VoyageTimelineUncheckedCreateInput, VoyageTimelineCreateInput> & VoyageTimelineCreateInput' with 'exactOptionalPropertyTypes: true'. Consider adding 'undefined' to the types of the target's properties.
    Type '{ voyageId: string; eventType: string; userId: string | undefined; notes: string | undefined; metadata: any; }' is not assignable to type 'VoyageTimelineCreateInput' with 'exactOptionalPropertyTypes: true'. Consider adding 'undefined' to the types of the target's properties.
      Types of property 'userId' are incompatible.
        Type 'string | undefined' is not assignable to type 'string | null'.
          Type 'undefined' is not assignable to type 'string | null'.
src/repositories/payment.repository.ts(4,3): error TS6133: 'PaymentMethod' is declared but its value is never read.
src/repositories/payment.repository.ts(5,3): error TS6133: 'PaymentStatus' is declared but its value is never read.
src/repositories/price-list-item.repository.ts(42,7): error TS2375: Type '{ priceList: { connect: { id: string; }; }; name: string; description: string | undefined; basePrice: string; currency: string; customerCategory: string | undefined; ageGroup: string | undefined; minGuests: number | undefined; maxGuests: number | undefined; seatClass: string | undefined; meta: any; }' is not assignable to type '(Without<PriceListItemCreateInput, PriceListItemUncheckedCreateInput> & PriceListItemUncheckedCreateInput) | (Without<...> & PriceListItemCreateInput)' with 'exactOptionalPropertyTypes: true'. Consider adding 'undefined' to the types of the target's properties.
  Type '{ priceList: { connect: { id: string; }; }; name: string; description: string | undefined; basePrice: string; currency: string; customerCategory: string | undefined; ageGroup: string | undefined; minGuests: number | undefined; maxGuests: number | undefined; seatClass: string | undefined; meta: any; }' is not assignable to type 'Without<PriceListItemUncheckedCreateInput, PriceListItemCreateInput> & PriceListItemCreateInput' with 'exactOptionalPropertyTypes: true'. Consider adding 'undefined' to the types of the target's properties.
    Type '{ priceList: { connect: { id: string; }; }; name: string; description: string | undefined; basePrice: string; currency: string; customerCategory: string | undefined; ageGroup: string | undefined; minGuests: number | undefined; maxGuests: number | undefined; seatClass: string | undefined; meta: any; }' is not assignable to type 'PriceListItemCreateInput' with 'exactOptionalPropertyTypes: true'. Consider adding 'undefined' to the types of the target's properties.
      Types of property 'description' are incompatible.
        Type 'string | undefined' is not assignable to type 'string | null'.
          Type 'undefined' is not assignable to type 'string | null'.
src/repositories/pricing-rule.repository.ts(2,1): error TS6133: 'RuleType' is declared but its value is never read.
src/repositories/pricing-rule.repository.ts(51,7): error TS2375: Type '{ priceListId: string | undefined; name: string; description: string | undefined; ruleType: any; conditions: any; priority: number; effectiveFrom: Date; effectiveTo: Date | undefined; createdBy: string | undefined; }' is not assignable to type '(Without<PricingRuleCreateInput, PricingRuleUncheckedCreateInput> & PricingRuleUncheckedCreateInput) | (Without<...> & PricingRuleCreateInput)' with 'exactOptionalPropertyTypes: true'. Consider adding 'undefined' to the types of the target's properties.
  Type '{ priceListId: string | undefined; name: string; description: string | undefined; ruleType: any; conditions: any; priority: number; effectiveFrom: Date; effectiveTo: Date | undefined; createdBy: string | undefined; }' is not assignable to type 'Without<PricingRuleUncheckedCreateInput, PricingRuleCreateInput> & PricingRuleCreateInput' with 'exactOptionalPropertyTypes: true'. Consider adding 'undefined' to the types of the target's properties.
    Type '{ priceListId: string | undefined; name: string; description: string | undefined; ruleType: any; conditions: any; priority: number; effectiveFrom: Date; effectiveTo: Date | undefined; createdBy: string | undefined; }' is not assignable to type 'Without<PricingRuleUncheckedCreateInput, PricingRuleCreateInput>' with 'exactOptionalPropertyTypes: true'. Consider adding 'undefined' to the types of the target's properties.
      Types of property 'priceListId' are incompatible.
        Type 'string | undefined' is not assignable to type 'never'.
          Type 'undefined' is not assignable to type 'never'.
src/repositories/promotion-rule.repository.ts(2,1): error TS6133: 'RuleType' is declared but its value is never read.
src/repositories/promotion-usage.repository.ts(46,7): error TS2375: Type '{ promotion: { connect: { id: string; }; }; bookingId: string | undefined; userId: string | undefined; guestId: string | undefined; partnerId: string | undefined; discountApplied: string; currency: string; }' is not assignable to type '(Without<PromotionUsageCreateInput, PromotionUsageUncheckedCreateInput> & PromotionUsageUncheckedCreateInput) | (Without<...> & PromotionUsageCreateInput)' with 'exactOptionalPropertyTypes: true'. Consider adding 'undefined' to the types of the target's properties.
  Type '{ promotion: { connect: { id: string; }; }; bookingId: string | undefined; userId: string | undefined; guestId: string | undefined; partnerId: string | undefined; discountApplied: string; currency: string; }' is not assignable to type 'Without<PromotionUsageUncheckedCreateInput, PromotionUsageCreateInput> & PromotionUsageCreateInput' with 'exactOptionalPropertyTypes: true'. Consider adding 'undefined' to the types of the target's properties.
    Type '{ promotion: { connect: { id: string; }; }; bookingId: string | undefined; userId: string | undefined; guestId: string | undefined; partnerId: string | undefined; discountApplied: string; currency: string; }' is not assignable to type 'PromotionUsageCreateInput' with 'exactOptionalPropertyTypes: true'. Consider adding 'undefined' to the types of the target's properties.
      Types of property 'bookingId' are incompatible.
        Type 'string | undefined' is not assignable to type 'string | null'.
          Type 'undefined' is not assignable to type 'string | null'.
src/repositories/refund.repository.ts(5,3): error TS6133: 'RefundStatus' is declared but its value is never read.
src/repositories/revenue-recognition.repository.ts(5,3): error TS6133: 'RevenueRecognitionStatus' is declared but its value is never read.
src/repositories/reward.repository.ts(95,24): error TS6133: 'partnerId' is declared but its value is never read.
src/repositories/reward.repository.ts(140,39): error TS2379: Argument of type '{ where: { isActive: true; } | undefined; orderBy: { createdAt: "desc"; }; }' is not assignable to parameter of type '{ select?: RewardRuleSelect<DefaultArgs> | null; omit?: RewardRuleOmit<DefaultArgs> | null; include?: RewardRuleInclude<DefaultArgs> | null; ... 5 more ...; distinct?: RewardRuleScalarFieldEnum | RewardRuleScalarFieldEnum[]; }' with 'exactOptionalPropertyTypes: true'. Consider adding 'undefined' to the types of the target's properties.
  Types of property 'where' are incompatible.
    Type '{ isActive: true; } | undefined' is not assignable to type 'RewardRuleWhereInput'.
      Type 'undefined' is not assignable to type 'RewardRuleWhereInput'.
src/repositories/season.repository.ts(35,7): error TS2375: Type '{ name: string; description: string | undefined; startDate: Date; endDate: Date; recurring: boolean; }' is not assignable to type '(Without<SeasonCreateInput, SeasonUncheckedCreateInput> & SeasonUncheckedCreateInput) | (Without<...> & SeasonCreateInput)' with 'exactOptionalPropertyTypes: true'. Consider adding 'undefined' to the types of the target's properties.
  Type '{ name: string; description: string | undefined; startDate: Date; endDate: Date; recurring: boolean; }' is not assignable to type 'Without<SeasonUncheckedCreateInput, SeasonCreateInput> & SeasonCreateInput' with 'exactOptionalPropertyTypes: true'. Consider adding 'undefined' to the types of the target's properties.
    Type '{ name: string; description: string | undefined; startDate: Date; endDate: Date; recurring: boolean; }' is not assignable to type 'SeasonCreateInput' with 'exactOptionalPropertyTypes: true'. Consider adding 'undefined' to the types of the target's properties.
      Types of property 'description' are incompatible.
        Type 'string | undefined' is not assignable to type 'string | null'.
          Type 'undefined' is not assignable to type 'string | null'.
src/repositories/session.repository.ts(16,7): error TS2375: Type '{ userId: string; refreshToken: string; expiresAt: Date; ipAddress: string | null | undefined; userAgent: string | null | undefined; }' is not assignable to type '(Without<SessionCreateInput, SessionUncheckedCreateInput> & SessionUncheckedCreateInput) | (Without<...> & SessionCreateInput)' with 'exactOptionalPropertyTypes: true'. Consider adding 'undefined' to the types of the target's properties.
  Type '{ userId: string; refreshToken: string; expiresAt: Date; ipAddress: string | null | undefined; userAgent: string | null | undefined; }' is not assignable to type 'Without<SessionCreateInput, SessionUncheckedCreateInput> & SessionUncheckedCreateInput' with 'exactOptionalPropertyTypes: true'. Consider adding 'undefined' to the types of the target's properties.
    Type '{ userId: string; refreshToken: string; expiresAt: Date; ipAddress: string | null | undefined; userAgent: string | null | undefined; }' is not assignable to type 'SessionUncheckedCreateInput' with 'exactOptionalPropertyTypes: true'. Consider adding 'undefined' to the types of the target's properties.
      Types of property 'ipAddress' are incompatible.
        Type 'string | null | undefined' is not assignable to type 'string | null'.
          Type 'undefined' is not assignable to type 'string | null'.
src/repositories/tax-calculation.repository.ts(36,7): error TS2375: Type '{ taxRule: { connect: { id: string; }; }; bookingId: string | undefined; quoteId: string | undefined; taxableAmount: string; taxAmount: string; currency: string; }' is not assignable to type '(Without<TaxCalculationCreateInput, TaxCalculationUncheckedCreateInput> & TaxCalculationUncheckedCreateInput) | (Without<...> & TaxCalculationCreateInput)' with 'exactOptionalPropertyTypes: true'. Consider adding 'undefined' to the types of the target's properties.
  Type '{ taxRule: { connect: { id: string; }; }; bookingId: string | undefined; quoteId: string | undefined; taxableAmount: string; taxAmount: string; currency: string; }' is not assignable to type 'Without<TaxCalculationUncheckedCreateInput, TaxCalculationCreateInput> & TaxCalculationCreateInput' with 'exactOptionalPropertyTypes: true'. Consider adding 'undefined' to the types of the target's properties.
    Type '{ taxRule: { connect: { id: string; }; }; bookingId: string | undefined; quoteId: string | undefined; taxableAmount: string; taxAmount: string; currency: string; }' is not assignable to type 'TaxCalculationCreateInput' with 'exactOptionalPropertyTypes: true'. Consider adding 'undefined' to the types of the target's properties.
      Types of property 'bookingId' are incompatible.
        Type 'string | undefined' is not assignable to type 'string | null'.
          Type 'undefined' is not assignable to type 'string | null'.
src/repositories/tax-rule.repository.ts(2,1): error TS6192: All imports in import declaration are unused.
src/repositories/tax-rule.repository.ts(54,7): error TS2375: Type '{ name: string; description: string | undefined; type: any; jurisdiction: any; rate: string; isPercentage: boolean; isInclusive: boolean; appliesTo: any; effectiveFrom: Date; effectiveTo: Date | undefined; priority: number; isDefault: boolean; }' is not assignable to type '(Without<TaxRuleCreateInput, TaxRuleUncheckedCreateInput> & TaxRuleUncheckedCreateInput) | (Without<...> & TaxRuleCreateInput)' with 'exactOptionalPropertyTypes: true'. Consider adding 'undefined' to the types of the target's properties.
  Type '{ name: string; description: string | undefined; type: any; jurisdiction: any; rate: string; isPercentage: boolean; isInclusive: boolean; appliesTo: any; effectiveFrom: Date; effectiveTo: Date | undefined; priority: number; isDefault: boolean; }' is not assignable to type 'Without<TaxRuleUncheckedCreateInput, TaxRuleCreateInput> & TaxRuleCreateInput' with 'exactOptionalPropertyTypes: true'. Consider adding 'undefined' to the types of the target's properties.
    Type '{ name: string; description: string | undefined; type: any; jurisdiction: any; rate: string; isPercentage: boolean; isInclusive: boolean; appliesTo: any; effectiveFrom: Date; effectiveTo: Date | undefined; priority: number; isDefault: boolean; }' is not assignable to type 'TaxRuleCreateInput' with 'exactOptionalPropertyTypes: true'. Consider adding 'undefined' to the types of the target's properties.
      Types of property 'description' are incompatible.
        Type 'string | undefined' is not assignable to type 'string | null'.
          Type 'undefined' is not assignable to type 'string | null'.
src/repositories/user.repository.ts(2,29): error TS6196: 'UserStatus' is declared but never used.
src/repositories/vessel.repository.ts(83,5): error TS6133: 'vesselId' is declared but its value is never read.
src/repositories/wallet.repository.ts(5,3): error TS6133: 'WalletStatus' is declared but its value is never read.
[ELIFECYCLE] Command failed with exit code 2.
